Log file open, 10/31/18 17:50:25
LogWindows: Failed to load 'aqProf.dll' (GetLastError=126)
LogWindows: File 'aqProf.dll' does not exist
LogWindows: Failed to load 'VSPerf140.dll' (GetLastError=126)
LogWindows: File 'VSPerf140.dll' does not exist
LogWindows: Failed to load 'VtuneApi.dll' (GetLastError=126)
LogWindows: File 'VtuneApi.dll' does not exist
LogWindows: Failed to load 'VtuneApi32e.dll' (GetLastError=126)
LogWindows: File 'VtuneApi32e.dll' does not exist
LogInit: Display: Running engine for game: Dialogue
LogPlatformFile: Not using cached read wrapper
LogTaskGraph: Started task graph with 5 named threads and 35 total threads with 3 sets of task threads.
LogStats: Stats thread started at 0.397526
LogD3D11RHI: Loaded GFSDK_Aftermath_Lib.x64.dll
LogICUInternationalization: Display: ICU TimeZone Detection - Raw Offset: +1:00, Platform Override: ''
LogPluginManager: Mounting plugin Paper2D
LogPluginManager: Mounting plugin AISupport
LogPluginManager: Mounting plugin LightPropagationVolume
LogPluginManager: Mounting plugin CLionSourceCodeAccess
LogPluginManager: Mounting plugin CodeLiteSourceCodeAccess
LogPluginManager: Mounting plugin GitSourceControl
LogPluginManager: Mounting plugin KDevelopSourceCodeAccess
LogPluginManager: Mounting plugin NullSourceCodeAccess
LogPluginManager: Mounting plugin PerforceSourceControl
LogPluginManager: Mounting plugin SubversionSourceControl
LogPluginManager: Mounting plugin UObjectPlugin
LogPluginManager: Mounting plugin VisualStudioCodeSourceCodeAccess
LogPluginManager: Mounting plugin VisualStudioSourceCodeAccess
LogPluginManager: Mounting plugin XCodeSourceCodeAccess
LogPluginManager: Mounting plugin AssetManagerEditor
LogPluginManager: Mounting plugin CryptoKeys
LogPluginManager: Mounting plugin DataValidation
LogPluginManager: Mounting plugin EditorScriptingUtilities
LogPluginManager: Mounting plugin FacialAnimation
LogPluginManager: Mounting plugin GameplayTagsEditor
LogPluginManager: Mounting plugin MacGraphicsSwitching
LogPluginManager: Mounting plugin MeshEditor
LogPluginManager: Mounting plugin MobileLauncherProfileWizard
LogPluginManager: Mounting plugin PluginBrowser
LogPluginManager: Mounting plugin SpeedTreeImporter
LogPluginManager: Mounting plugin DatasmithContent
LogPluginManager: Mounting plugin AlembicImporter
LogPluginManager: Mounting plugin AppleImageUtils
LogPluginManager: Mounting plugin AppleVision
LogPluginManager: Mounting plugin BackChannel
LogPluginManager: Mounting plugin CharacterAI
LogPluginManager: Mounting plugin GeometryCache
LogPluginManager: Mounting plugin HTML5Networking
LogPluginManager: Mounting plugin ProxyLODPlugin
LogPluginManager: Mounting plugin MagicLeap
LogPluginManager: Mounting plugin MagicLeapEmulator
LogPluginManager: Mounting plugin MagicLeapMedia
LogPluginManager: Mounting plugin AndroidMedia
LogPluginManager: Mounting plugin AvfMedia
LogPluginManager: Mounting plugin ImgMedia
LogPluginManager: Mounting plugin LinearTimecode
LogPluginManager: Mounting plugin MediaCompositing
LogPluginManager: Mounting plugin MediaPlayerEditor
LogPluginManager: Mounting plugin WmfMedia
LogPluginManager: Mounting plugin TcpMessaging
LogPluginManager: Mounting plugin UdpMessaging
LogPluginManager: Mounting plugin ActorSequence
LogPluginManager: Mounting plugin LevelSequenceEditor
LogPluginManager: Mounting plugin MatineeToLevelSequence
LogPluginManager: Mounting plugin NetcodeUnitTest
LogPluginManager: Mounting plugin NUTUnrealEngine4
LogPluginManager: Mounting plugin OnlineSubsystemGooglePlay
LogPluginManager: Mounting plugin OnlineSubsystemIOS
LogPluginManager: Mounting plugin OnlineSubsystem
LogPluginManager: Mounting plugin OnlineSubsystemNull
LogPluginManager: Mounting plugin OnlineSubsystemUtils
LogPluginManager: Mounting plugin LauncherChunkInstaller
LogPluginManager: Mounting plugin AndroidDeviceProfileSelector
LogPluginManager: Mounting plugin AndroidMoviePlayer
LogPluginManager: Mounting plugin AndroidPermission
LogPluginManager: Mounting plugin AppleMoviePlayer
LogPluginManager: Mounting plugin ArchVisCharacter
LogPluginManager: Mounting plugin AudioCapture
LogPluginManager: Mounting plugin CableComponent
LogPluginManager: Mounting plugin CustomMeshComponent
LogPluginManager: Mounting plugin EditableMesh
LogPluginManager: Mounting plugin ExampleDeviceProfileSelector
LogPluginManager: Mounting plugin GoogleCloudMessaging
LogPluginManager: Mounting plugin ImmediatePhysics
LogPluginManager: Mounting plugin IOSDeviceProfileSelector
LogPluginManager: Mounting plugin LinuxDeviceProfileSelector
LogPluginManager: Mounting plugin LocationServicesBPLibrary
LogPluginManager: Mounting plugin MobilePatchingUtils
LogPluginManager: Mounting plugin OculusVR
LogPluginManager: Plugin shader directory ../../../Engine/Plugins/Runtime/Oculus/OculusVR/Shaders found
LogPluginManager: Mapping shader source directory ../../../Engine/Plugins/Runtime/Oculus/OculusVR/Shaders to virtual directory /Plugin/OculusVR
LogPluginManager: Mounting plugin PhysXVehicles
LogPluginManager: Mounting plugin ProceduralMeshComponent
LogPluginManager: Mounting plugin RuntimePhysXCooking
LogPluginManager: Mounting plugin SteamVR
LogPluginManager: Mounting plugin WindowsMoviePlayer
LogPluginManager: Mounting plugin DatasmithCADImporter
LogPluginManager: Mounting plugin DatasmithFBXImporter
LogPluginManager: Mounting plugin DatasmithImporter
LogPluginManager: Mounting plugin DatasmithMDLImporter
LogPluginManager: Mounting plugin StaticMeshEditorExtension
LogStreaming: Display: Took  0.127s to configure plugins.
LogInit: Using libcurl 7.55.1-DEV
LogInit:  - built for x86_64-pc-win32
LogInit:  - supports SSL with OpenSSL/1.0.2h
LogInit:  - supports HTTP deflate (compression) using libz 1.2.8
LogInit:  - other features:
LogInit:      CURL_VERSION_SSL
LogInit:      CURL_VERSION_LIBZ
LogInit:      CURL_VERSION_IPV6
LogInit:      CURL_VERSION_ASYNCHDNS
LogInit:      CURL_VERSION_LARGEFILE
LogInit:      CURL_VERSION_IDN
LogInit:  CurlRequestOptions (configurable via config and command line):
LogInit:  - bVerifyPeer = false  - Libcurl will NOT verify peer certificate
LogInit:  - bUseHttpProxy = false  - Libcurl will NOT use HTTP proxy
LogInit:  - bDontReuseConnections = false  - Libcurl will reuse connections
LogInit:  - CertBundlePath = nullptr  - Libcurl will use whatever was configured at build time.
LogInit:  - MaxHostConnections = 16  - Libcurl will limit the number of connections to a host
LogInit:  - LocalHostAddr = Default
LogInit:  - BufferSize = 65536
LogInit: WinSock: version 1.1 (2.2), MaxSocks=32767, MaxUdp=65467
LogInit: Build: ++UE4+Release-4.20-CL-4369336
LogInit: Engine Version: 4.20.3-4369336+++UE4+Release-4.20
LogInit: Compatible Engine Version: 4.20.0-4212847+++UE4+Release-4.20
LogInit: Net CL: 4212847
LogInit: OS: Windows 10 (), CPU: Intel(R) Core(TM) i7-8700 CPU @ 3.20GHz, GPU: NVIDIA GeForce GTX 1080 Ti
LogInit: Compiled (64-bit): Sep 17 2018 12:26:19
LogInit: Compiled with Visual C++: 19.13.26129.00
LogInit: Build Configuration: Development
LogInit: Branch Name: ++UE4+Release-4.20
LogInit: Command Line: -EpicPortal  -epicusername="Marrowgar21" -epicuserid=7671aa82636c440498eafdd5d5eae101 -epiclocale=en
LogInit: Base Directory: C:/Program Files/Epic Games/UE_4.20/Engine/Binaries/Win64/
LogInit: Installed Engine Build: 1
LogDevObjectVersion: Number of dev versions registered: 20
LogDevObjectVersion:   Dev-Blueprints (B0D832E4-1F89-4F0D-ACCF-7EB736FD4AA2): 10
LogDevObjectVersion:   Dev-Build (E1C64328-A22C-4D53-A36C-8E866417BD8C): 0
LogDevObjectVersion:   Dev-Core (375EC13C-06E4-48FB-B500-84F0262A717E): 2
LogDevObjectVersion:   Dev-Editor (E4B068ED-F494-42E9-A231-DA0B2E46BB41): 24
LogDevObjectVersion:   Dev-Framework (CFFC743F-43B0-4480-9391-14DF171D2073): 34
LogDevObjectVersion:   Dev-Mobile (B02B49B5-BB20-44E9-A304-32B752E40360): 2
LogDevObjectVersion:   Dev-Networking (A4E4105C-59A1-49B5-A7C5-40C4547EDFEE): 0
LogDevObjectVersion:   Dev-Online (39C831C9-5AE6-47DC-9A44-9C173E1C8E7C): 0
LogDevObjectVersion:   Dev-Physics (78F01B33-EBEA-4F98-B9B4-84EACCB95AA2): 0
LogDevObjectVersion:   Dev-Platform (6631380F-2D4D-43E0-8009-CF276956A95A): 0
LogDevObjectVersion:   Dev-Rendering (12F88B9F-8875-4AFC-A67C-D90C383ABD29): 26
LogDevObjectVersion:   Dev-Sequencer (7B5AE74C-D270-4C10-A958-57980B212A5A): 9
LogDevObjectVersion:   Dev-VR (D7296918-1DD6-4BDD-9DE2-64A83CC13884): 2
LogDevObjectVersion:   Dev-LoadTimes (C2A15278-BFE7-4AFE-6C17-90FF531DF755): 1
LogDevObjectVersion:   Private-Geometry (6EACA3D4-40EC-4CC1-B786-8BED09428FC5): 3
LogDevObjectVersion:   Dev-AnimPhys (29E575DD-E0A3-4627-9D10-D276232CDCEA): 17
LogDevObjectVersion:   Dev-ReflectionCapture (6B266CEC-1EC7-4B8F-A30B-E4D90942FC07): 1
LogDevObjectVersion:   Dev-Automation (0DF73D61-A23F-47EA-B727-89E90C41499A): 1
LogDevObjectVersion:   FortniteMain (601D1886-AC64-4F84-AA16-D3DE0DEAC7D6): 12
LogDevObjectVersion:   Dev-Enterprise (9DFFBCD6-494F-0158-E221-12823C92A888): 1
LogStreaming: Display: Took  0.000s to delete old logs.
LogInit: Presizing for max 8388607 objects, including 0 objects not considered by GC, pre-allocating 0 bytes for permanent pool.
LogInit: Object subsystem initialized
[2018.10.31-16.50.26:064][  0]LogInit: Selected Device Profile: [Windows]
[2018.10.31-16.50.26:064][  0]LogInit: Applying CVar settings loaded from the selected device profile: [Windows]
[2018.10.31-16.50.26:074][  0]LogHAL: Display: Platform has ~ 16 GB [17100603392 / 17179869184 / 16], which maps to Larger [LargestMinGB=32, LargerMinGB=12, DefaultMinGB=8, SmallerMinGB=6, SmallestMinGB=0)
[2018.10.31-16.50.26:074][  0]LogInit: Setting Device Profile CVar: [[r.Vulkan.UseRealUBs:1]]
[2018.10.31-16.50.26:074][  0]LogInit: Going up to parent DeviceProfile []
[2018.10.31-16.50.26:074][  0]LogInit: Computer: DESKTOP-KQTAD4O
[2018.10.31-16.50.26:074][  0]LogInit: User: Jerry
[2018.10.31-16.50.26:074][  0]LogInit: CPU Page size=4096, Cores=6
[2018.10.31-16.50.26:074][  0]LogInit: High frequency timer resolution =3.117191 MHz
[2018.10.31-16.50.26:074][  0]LogMemory: Memory total: Physical=15.9GB (16GB approx)
[2018.10.31-16.50.26:074][  0]LogMemory: Platform Memory Stats for Windows
[2018.10.31-16.50.26:074][  0]LogMemory: Process Physical Memory: 101.29 MB used, 101.29 MB peak
[2018.10.31-16.50.26:074][  0]LogMemory: Process Virtual Memory: 93.95 MB used, 93.95 MB peak
[2018.10.31-16.50.26:074][  0]LogMemory: Physical Memory: 6692.59 MB used,  9615.82 MB free, 16308.41 MB total
[2018.10.31-16.50.26:074][  0]LogMemory: Virtual Memory: 4665.16 MB used,  9615.82 MB free, 134217728.00 MB total
[2018.10.31-16.50.26:260][  0]LogInit: Using OS detected language (nl-NL).
[2018.10.31-16.50.26:260][  0]LogInit: Using OS detected locale (nl-NL).
[2018.10.31-16.50.26:261][  0]LogTextLocalizationManager: No localization for 'nl-NL' exists, so 'en' will be used for the language.
[2018.10.31-16.50.26:533][  0]LogStreaming: Display: Took  0.273s to InitEngineTextLocalization.
[2018.10.31-16.50.26:533][  0]LogInit: Setting process to per monitor DPI aware
[2018.10.31-16.50.26:565][  0]LogSlate: New Slate User Created.  User Index 0, Is Virtual User: 0
[2018.10.31-16.50.26:565][  0]LogSlate: Slate User Registered.  User Index 0, Is Virtual User: 0
[2018.10.31-16.50.26:714][  0]LogHMD: Failed to initialize OpenVR with code 110
[2018.10.31-16.50.26:714][  0]LogD3D11RHI: D3D11 adapters:
[2018.10.31-16.50.26:762][  0]LogD3D11RHI:    0. 'NVIDIA GeForce GTX 1080 Ti' (Feature Level 11_0)
[2018.10.31-16.50.26:762][  0]LogD3D11RHI:       11127/0/8154 MB DedicatedVideo/DedicatedSystem/SharedSystem, Outputs:1, VendorId:0x10de
[2018.10.31-16.50.26:764][  0]LogD3D11RHI:    1. 'Microsoft Basic Render Driver' (Feature Level 11_0)
[2018.10.31-16.50.26:764][  0]LogD3D11RHI:       0/0/8154 MB DedicatedVideo/DedicatedSystem/SharedSystem, Outputs:0, VendorId:0x1414
[2018.10.31-16.50.26:764][  0]LogD3D11RHI: Chosen D3D11 Adapter: 0
[2018.10.31-16.50.26:769][  0]LogD3D11RHI: Creating new Direct3DDevice
[2018.10.31-16.50.26:769][  0]LogD3D11RHI:     GPU DeviceId: 0x1b06 (for the marketing name, search the web for "GPU Device Id")
[2018.10.31-16.50.26:769][  0]LogWindows: EnumDisplayDevices:
[2018.10.31-16.50.26:769][  0]LogWindows:    0. 'NVIDIA GeForce GTX 1080 Ti' (P:1 D:1)
[2018.10.31-16.50.26:769][  0]LogWindows:    1. 'NVIDIA GeForce GTX 1080 Ti' (P:0 D:0)
[2018.10.31-16.50.26:770][  0]LogWindows:    2. 'NVIDIA GeForce GTX 1080 Ti' (P:0 D:0)
[2018.10.31-16.50.26:770][  0]LogWindows:    3. 'NVIDIA GeForce GTX 1080 Ti' (P:0 D:0)
[2018.10.31-16.50.26:770][  0]LogWindows: DebugString: FoundDriverCount:4 
[2018.10.31-16.50.26:770][  0]LogD3D11RHI:     Adapter Name: NVIDIA GeForce GTX 1080 Ti
[2018.10.31-16.50.26:770][  0]LogD3D11RHI:   Driver Version: 399.07 (internal:24.21.13.9907, unified:399.07)
[2018.10.31-16.50.26:770][  0]LogD3D11RHI:      Driver Date: 8-21-2018
[2018.10.31-16.50.26:770][  0]LogRHI: Texture pool is 7788 MB (70% of 11127 MB)
[2018.10.31-16.50.26:802][  0]LogD3D11RHI: Async texture creation enabled
[2018.10.31-16.50.26:822][  0]LogD3D11RHI: GPU Timing Frequency: 1000.000000 (Debug: 2 2)
[2018.10.31-16.50.26:874][  0]LogShaderCompilers: Guid format shader working directory is -31 characters bigger than the processId version (../../../../../../Users/Jerry/Documents/Unreal Projects/DialogSystem/Dialogue/Intermediate/Shaders/WorkingDirectory/1440/).
[2018.10.31-16.50.26:874][  0]LogShaderCompilers: Cleaned the shader compiler working directory 'C:/Users/Jerry/AppData/Local/Temp/UnrealShaderWorkingDir/FFCCDE864E6CC174C89DEABB3249CFFD/'.
[2018.10.31-16.50.27:084][  0]LogTemp: Display: Loaded TP AllDesktopTargetPlatform
[2018.10.31-16.50.27:094][  0]LogTemp: Display: Loaded TP MacClientTargetPlatform
[2018.10.31-16.50.27:104][  0]LogTemp: Display: Loaded TP MacNoEditorTargetPlatform
[2018.10.31-16.50.27:114][  0]LogTemp: Display: Loaded TP MacServerTargetPlatform
[2018.10.31-16.50.27:124][  0]LogTemp: Display: Loaded TP MacTargetPlatform
[2018.10.31-16.50.27:134][  0]LogTemp: Display: Loaded TP WindowsClientTargetPlatform
[2018.10.31-16.50.27:144][  0]LogTemp: Display: Loaded TP WindowsNoEditorTargetPlatform
[2018.10.31-16.50.27:154][  0]LogTemp: Display: Loaded TP WindowsServerTargetPlatform
[2018.10.31-16.50.27:159][  0]LogTemp: Display: Loaded TP WindowsTargetPlatform
[2018.10.31-16.50.27:216][  0]LogTemp: Display: Loaded TP AndroidTargetPlatform
[2018.10.31-16.50.27:216][  0]LogTemp: Display: Loaded TP AndroidTargetPlatform
[2018.10.31-16.50.27:216][  0]LogTemp: Display: Loaded TP AndroidTargetPlatform
[2018.10.31-16.50.27:216][  0]LogTemp: Display: Loaded TP AndroidTargetPlatform
[2018.10.31-16.50.27:216][  0]LogTemp: Display: Loaded TP AndroidTargetPlatform
[2018.10.31-16.50.27:216][  0]LogTemp: Display: Loaded TP AndroidTargetPlatform
[2018.10.31-16.50.27:216][  0]LogTemp: Display: Loaded TP AndroidTargetPlatform
[2018.10.31-16.50.27:216][  0]LogTemp: Display: Loaded TP AndroidTargetPlatform
[2018.10.31-16.50.27:216][  0]LogTemp: Display: Loaded TP AndroidTargetPlatform
[2018.10.31-16.50.27:216][  0]LogTemp: Display: Loaded TP AndroidTargetPlatform
[2018.10.31-16.50.27:216][  0]LogTemp: Display: Loaded TP AndroidTargetPlatform
[2018.10.31-16.50.27:216][  0]LogTemp: Display: Loaded TP AndroidTargetPlatform
[2018.10.31-16.50.27:216][  0]LogTemp: Display: Loaded TP AndroidTargetPlatform
[2018.10.31-16.50.27:216][  0]LogTemp: Display: Loaded TP AndroidTargetPlatform
[2018.10.31-16.50.27:216][  0]LogTemp: Display: Loaded TP AndroidTargetPlatform
[2018.10.31-16.50.27:216][  0]LogTemp: Display: Loaded TP AndroidTargetPlatform
[2018.10.31-16.50.27:216][  0]LogTemp: Display: Loaded TP AndroidTargetPlatform
[2018.10.31-16.50.27:216][  0]LogTemp: Display: Loaded TP AndroidTargetPlatform
[2018.10.31-16.50.27:217][  0]LogTemp: Display: Loaded TP HTML5TargetPlatform
[2018.10.31-16.50.27:270][  0]LogTemp: Display: Loaded TP IOSTargetPlatform
[2018.10.31-16.50.27:270][  0]LogTemp: Display: Loaded TP IOSTargetPlatform
[2018.10.31-16.50.27:287][  0]LogTemp: Display: Loaded TP TVOSTargetPlatform
[2018.10.31-16.50.27:287][  0]LogTemp: Display: Loaded TP TVOSTargetPlatform
[2018.10.31-16.50.27:296][  0]LogTemp: Display: Loaded TP LinuxClientTargetPlatform
[2018.10.31-16.50.27:305][  0]LogTemp: Display: Loaded TP LinuxNoEditorTargetPlatform
[2018.10.31-16.50.27:314][  0]LogTemp: Display: Loaded TP LinuxServerTargetPlatform
[2018.10.31-16.50.27:324][  0]LogTemp: Display: Loaded TP LinuxTargetPlatform
[2018.10.31-16.50.27:330][  0]LogTemp: Display: Loaded TP LuminTargetPlatform
[2018.10.31-16.50.27:331][  0]LogTargetPlatformManager: Display: Building Assets For Windows
[2018.10.31-16.50.27:377][  0]LogXGEController: Cannot use XGE Controller as Incredibuild is not installed on this machine.
[2018.10.31-16.50.27:377][  0]LogShaderCompilers: Cannot use XGE Shader Compiler as Incredibuild is not installed on this machine.
[2018.10.31-16.50.27:377][  0]LogShaderCompilers: Display: Using Local Shader Compiler.
[2018.10.31-16.50.27:945][  0]LogDerivedDataCache: Display: Max Cache Size: 512 MB
[2018.10.31-16.50.27:989][  0]LogDerivedDataCache: Loaded boot cache 0.04s 72MB C:/Users/Jerry/AppData/Local/UnrealEngine/4.20/DerivedDataCache/Boot.ddc.
[2018.10.31-16.50.27:990][  0]LogDerivedDataCache: Display: Loaded Boot cache: C:/Users/Jerry/AppData/Local/UnrealEngine/4.20/DerivedDataCache/Boot.ddc
[2018.10.31-16.50.27:990][  0]LogDerivedDataCache: FDerivedDataBackendGraph:  Pak pak cache file ../../../../../../Users/Jerry/Documents/Unreal Projects/DialogSystem/Dialogue/DerivedDataCache/DDC.ddp not found, will not use a pak cache.
[2018.10.31-16.50.27:990][  0]LogDerivedDataCache: Unable to find inner node Pak for hierarchical cache Hierarchy.
[2018.10.31-16.50.27:990][  0]LogDerivedDataCache: FDerivedDataBackendGraph:  CompressedPak pak cache file ../../../../../../Users/Jerry/Documents/Unreal Projects/DialogSystem/Dialogue/DerivedDataCache/Compressed.ddp not found, will not use a pak cache.
[2018.10.31-16.50.27:990][  0]LogDerivedDataCache: Unable to find inner node CompressedPak for hierarchical cache Hierarchy.
[2018.10.31-16.50.28:000][  0]LogDerivedDataCache: Display: Pak cache opened for reading ../../../Engine/DerivedDataCache/Compressed.ddp.
[2018.10.31-16.50.28:012][  0]LogDerivedDataCache: Using Local data cache path C:/Users/Jerry/AppData/Local/UnrealEngine/Common/DerivedDataCache: Writable
[2018.10.31-16.50.28:012][  0]LogDerivedDataCache: Shared data cache path not found in *engine.ini, will not use an Shared cache.
[2018.10.31-16.50.28:012][  0]LogDerivedDataCache: Unable to find inner node Shared for hierarchical cache Hierarchy.
[2018.10.31-16.50.28:026][  0]LogMaterial: Verifying Global Shaders for PCD3D_SM5
[2018.10.31-16.50.28:027][  0]LogSlate: Using FreeType 2.6.0
[2018.10.31-16.50.28:027][  0]LogSlate: SlateFontServices - WITH_FREETYPE: 1, WITH_HARFBUZZ: 1
[2018.10.31-16.50.28:087][  0]LogAssetRegistry: FAssetRegistry took 0.0253 seconds to start up
[2018.10.31-16.50.28:340][  0]LogInit: Selected Device Profile: [Windows]
[2018.10.31-16.50.28:441][  0]LogSimplygon: Simplygon DLL not present - disabling.
[2018.10.31-16.50.28:444][  0]LogMeshReduction: Using SimplygonSwarm for distributed automatic mesh merging
[2018.10.31-16.50.28:444][  0]LogMeshReduction: Using ProxyLODMeshReduction for automatic mesh merging
[2018.10.31-16.50.28:444][  0]LogMeshReduction: Using QuadricMeshReduction for automatic static mesh reduction
[2018.10.31-16.50.28:444][  0]LogMeshReduction: No automatic skeletal mesh reduction module available
[2018.10.31-16.50.28:455][  0]LogNetVersion: Dialogue 1.0.0, NetCL: 4212847, EngineNetVer: 5, GameNetVer: 0 (Checksum: 2083427735)
[2018.10.31-16.50.28:825][  0]LogPackageLocalizationCache: Processed 13 localized package path(s) for 1 prioritized culture(s) in 0.056002 seconds
[2018.10.31-16.50.28:830][  0]LogUObjectArray: 38425 objects as part of root set at end of initial load.
[2018.10.31-16.50.28:830][  0]LogUObjectAllocator: 6690864 out of 0 bytes used by permanent object pool.
[2018.10.31-16.50.28:830][  0]LogUObjectArray: CloseDisregardForGC: 0/0 objects in disregard for GC pool
[2018.10.31-16.50.29:488][  0]LogTcpMessaging: Initializing TcpMessaging bridge
[2018.10.31-16.50.29:513][  0]LogUdpMessaging: Initializing bridge on interface 0.0.0.0:0 to multicast group 230.0.0.1:6666.
[2018.10.31-16.50.29:633][  0]SourceControl: Source control is disabled
[2018.10.31-16.50.29:633][  0]SourceControl: Source control is disabled
[2018.10.31-16.50.29:634][  0]SourceControl: Source control is disabled
[2018.10.31-16.50.29:634][  0]SourceControl: Source control is disabled
[2018.10.31-16.50.29:786][  0]LogAndroidPermission: UAndroidPermissionCallbackProxy::GetInstance
[2018.10.31-16.50.30:289][  0]LogOcInput: OculusInput pre-init called
[2018.10.31-16.50.31:713][  0]LogEngine: Initializing Engine...
[2018.10.31-16.50.31:713][  0]LogHMD: Failed to initialize OpenVR with code 110
[2018.10.31-16.50.31:713][  0]LogStats: UGameplayTagsManager::ConstructGameplayTagTree: ImportINI prefixes -  0.000 s
[2018.10.31-16.50.31:713][  0]LogStats: UGameplayTagsManager::ConstructGameplayTagTree: Construct from data asset -  0.000 s
[2018.10.31-16.50.31:713][  0]LogStats: UGameplayTagsManager::ConstructGameplayTagTree: ImportINI -  0.000 s
[2018.10.31-16.50.31:713][  0]LogStats: UGameplayTagsManager::ConstructGameplayTagTree: GameplayTagTreeChangedEvent.Broadcast -  0.000 s
[2018.10.31-16.50.31:865][  0]LogInit: Initializing FReadOnlyCVARCache
[2018.10.31-16.50.31:876][  0]LogAIModule: Creating AISystem for world Untitled
[2018.10.31-16.50.31:889][  0]LogInit: XAudio2 using 'Luidsprekers (2- Strix DSP)' : 6 channels at 48 kHz using 16 bits per sample (channel mask 0x3f)
[2018.10.31-16.50.31:899][  0]LogInit: FAudioDevice initialized.
[2018.10.31-16.50.31:899][  0]LogNetVersion: Set ProjectVersion to 1.0.0.0. Version Checksum will be recalculated on next use.
[2018.10.31-16.50.31:997][  0]LogDerivedDataCache: Saved boot cache 0.10s 72MB C:/Users/Jerry/AppData/Local/UnrealEngine/4.20/DerivedDataCache/Boot.ddc.
[2018.10.31-16.50.32:008][  0]LogInit: Texture streaming: Enabled
[2018.10.31-16.50.32:021][  0]LogEngineSessionManager: EngineSessionManager initialized
[2018.10.31-16.50.32:034][  0]LogInit: Transaction tracking system initialized
[2018.10.31-16.50.32:051][  0]BlueprintLog: New page: Editor Load
[2018.10.31-16.50.32:147][  0]LocalizationService: Localization service is disabled
[2018.10.31-16.50.32:357][  0]LogCook: Display: Max memory allowance for cook 16384mb min free memory 0mb
[2018.10.31-16.50.32:357][  0]LogCook: Display: Mobile HDR setting 1
[2018.10.31-16.50.32:357][  0]LogGameplayTags: Display: UGameplayTagsManager::DoneAddingNativeTags. DelegateIsBound: 0
[2018.10.31-16.50.32:357][  0]LogStats: UGameplayTagsManager::ConstructGameplayTagTree: ImportINI prefixes -  0.000 s
[2018.10.31-16.50.32:357][  0]LogStats: UGameplayTagsManager::ConstructGameplayTagTree: Construct from data asset -  0.000 s
[2018.10.31-16.50.32:357][  0]LogStats: UGameplayTagsManager::ConstructGameplayTagTree: ImportINI -  0.000 s
[2018.10.31-16.50.32:357][  0]LogStats: UGameplayTagsManager::ConstructGameplayTagTree: GameplayTagTreeChangedEvent.Broadcast -  0.000 s
[2018.10.31-16.50.32:451][  0]LogFileCache: Scanning file cache for directory 'C:/Users/Jerry/Documents/Unreal Projects/DialogSystem/Dialogue/Content/' took 0.01s
[2018.10.31-16.50.33:370][  0]SourceControl: Source control is disabled
[2018.10.31-16.50.33:370][  0]Cmd: MAP LOAD FILE="../../../../../../Users/Jerry/Documents/Unreal Projects/DialogSystem/Dialogue/Content/ThirdPersonBP/Maps/ThirdPersonExampleMap.umap" TEMPLATE=0 SHOWPROGRESS=1 FEATURELEVEL=3
[2018.10.31-16.50.33:370][  0]LightingResults: New page: Lighting Build
[2018.10.31-16.50.33:371][  0]MapCheck: New page: Map Check
[2018.10.31-16.50.33:371][  0]LightingResults: New page: Lighting Build
[2018.10.31-16.50.33:749][  0]LogAIModule: Creating AISystem for world ThirdPersonExampleMap
[2018.10.31-16.50.33:757][  0]LogEditorServer: Finished looking for orphan Actors (0.000 secs)
[2018.10.31-16.50.33:779][  0]Cmd: MAP CHECKDEP NOCLEARLOG
[2018.10.31-16.50.33:846][  0]MapCheck: Map check complete: 0 Error(s), 0 Warning(s), took 66,617ms to complete.
[2018.10.31-16.50.33:846][  0]LogFileHelpers: Loading map 'ThirdPersonExampleMap' took 0.477
[2018.10.31-16.50.33:925][  0]LogSlate: Updating window title bar state: overlay mode, drag disabled, window buttons hidden, title bar hidden
[2018.10.31-16.50.33:930][  0]LogSlate: Updating window title bar state: overlay mode, drag disabled, window buttons hidden, title bar hidden
[2018.10.31-16.50.33:935][  0]LogSlate: Updating window title bar state: overlay mode, drag disabled, window buttons hidden, title bar hidden
[2018.10.31-16.50.33:940][  0]LogSlate: Updating window title bar state: overlay mode, drag disabled, window buttons hidden, title bar hidden
[2018.10.31-16.50.33:944][  0]LogCollectionManager: Loaded 0 collections in 0.001251 seconds
[2018.10.31-16.50.33:985][  0]LogFileCache: Scanning file cache for directory 'C:/Users/Jerry/Documents/Unreal Projects/DialogSystem/Dialogue/Saved/Collections/' took 0.01s
[2018.10.31-16.50.33:985][  0]LogFileCache: Scanning file cache for directory 'C:/Users/Jerry/Documents/Unreal Projects/DialogSystem/Dialogue/Content/Developers/Jerry/Collections/' took 0.01s
[2018.10.31-16.50.33:985][  0]LogFileCache: Scanning file cache for directory 'C:/Users/Jerry/Documents/Unreal Projects/DialogSystem/Dialogue/Content/Collections/' took 0.01s
[2018.10.31-16.50.33:985][  0]LogCollectionManager: Rebuilt the GUID cache for 0 collections in 0.000000 seconds
[2018.10.31-16.50.33:992][  0]LogContentBrowser: Native class hierarchy populated in 0.0069 seconds. Added 2621 classes and 629 folders.
[2018.10.31-16.50.33:997][  0]LogContentBrowser: Native class hierarchy updated for 'WidgetCarousel' in 0.0002 seconds. Added 0 classes and 0 folders.
[2018.10.31-16.50.34:037][  0]LogContentBrowser: Native class hierarchy updated for 'AddContentDialog' in 0.0002 seconds. Added 0 classes and 0 folders.
[2018.10.31-16.50.34:040][  0]LogContentBrowser: Native class hierarchy updated for 'SceneOutliner' in 0.0002 seconds. Added 1 classes and 2 folders.
[2018.10.31-16.50.34:051][  0]LogSlate: Took 0.000144 seconds to synchronously load lazily loaded font '../../../Engine/Content/Slate/Fonts/Roboto-Regular.ttf' (155K)
[2018.10.31-16.50.34:052][  0]LogSlate: Took 0.000122 seconds to synchronously load lazily loaded font '../../../Engine/Content/Slate/Fonts/Roboto-Bold.ttf' (160K)
[2018.10.31-16.50.34:056][  0]LogSlate: Took 0.000158 seconds to synchronously load lazily loaded font '../../../Engine/Content/Editor/Slate/Fonts/FontAwesome.ttf' (139K)
[2018.10.31-16.50.34:114][  0]LogRenderer: Reallocating scene render targets to support 1208x576 Format 10 NumSamples 1 (Frame:1).
[2018.10.31-16.50.34:227][  0]LogContentBrowser: Native class hierarchy updated for 'HierarchicalLODOutliner' in 0.0002 seconds. Added 0 classes and 0 folders.
[2018.10.31-16.50.34:227][  0]LogLoad: (Engine Initialization) Total time: 9.90 seconds
[2018.10.31-16.50.34:227][  0]LogLoad: (Engine Initialization) Total Blueprint compile time: 0.00 seconds
[2018.10.31-16.50.34:239][  0]LogWindowsTextInputMethodSystem: Display: IME system now deactivated.
[2018.10.31-16.50.34:258][  0]LogAssetRegistry: Asset discovery search completed in 6.1933 seconds
[2018.10.31-16.50.34:259][  0]LogCollectionManager: Rebuilt the object cache for 0 collections in 0.000000 seconds (found 0 objects)
[2018.10.31-16.50.34:259][  0]LogCollectionManager: Fixed up redirectors for 0 collections in 0.000039 seconds (updated 0 objects)
[2018.10.31-16.50.34:260][  0]LogContentStreaming: Texture pool size now 1000 MB
[2018.10.31-16.50.34:278][  0]LogSlate: Took 0.000478 seconds to synchronously load lazily loaded font '../../../Engine/Content/Slate/Fonts/Roboto-Light.ttf' (167K)
[2018.10.31-16.50.34:289][  1]LogEditorViewport: Clicking on Actor (LMB): StaticMeshActor (Ramp_StaticMesh)
[2018.10.31-16.50.34:386][  2]LogEditorViewport: Clicking on Component (LMB): StaticMeshComponent (StaticMeshComponent0)
[2018.10.31-16.50.39:664][509]LogEditorViewport: Clicking on Actor (LMB): DocumentationActor (DocumentationActor1)
[2018.10.31-16.50.41:430][714]LogSlate: FSceneViewport::OnFocusLost() reason 0
[2018.10.31-16.50.42:701][866]LogSlate: Took 0.000149 seconds to synchronously load lazily loaded font '../../../Engine/Content/Slate/Fonts/Roboto-Italic.ttf' (157K)
[2018.10.31-16.52.08:819][593]LogSlate: Took 0.000155 seconds to synchronously load lazily loaded font '../../../Engine/Content/Slate/Fonts/Roboto-Light.ttf' (167K)
[2018.10.31-16.52.08:833][593]LogAssetTools: Warning: Failed to import 'C:\Users\Jerry\Documents\Unreal Projects\DialpgSystem\DialogueSystem\Content\Bps\NewBlueprint.uasset'. Unknown extension 'uasset'.
[2018.10.31-16.53.06:115][129]LogAssetEditorManager: Opening Asset editor for Blueprint /Game/ThirdPersonBP/Blueprints/NewBlueprint.NewBlueprint
[2018.10.31-16.53.06:444][129]LogContentBrowser: Native class hierarchy updated for 'BlueprintGraph' in 0.0005 seconds. Added 116 classes and 0 folders.
[2018.10.31-16.53.07:003][129]LogSlate: Took 0.000165 seconds to synchronously load lazily loaded font '../../../Engine/Content/Slate/Fonts/Roboto-BoldCondensed.ttf' (158K)
[2018.10.31-16.53.14:532][939]LogSlate: Window 'NewBlueprint' being destroyed
[2018.10.31-16.53.14:536][939]LogSlate: Window 'NewBlueprint' being destroyed
[2018.10.31-16.53.46:638][779]LogMetaData: Removing '/Game/ThirdPersonBP/Blueprints/TextRenderActor.TextRenderActor:UserConstructionScript.K2Node_FunctionEntry_0' ref from Metadata '/Game/ThirdPersonBP/Blueprints/NewBlueprint.PackageMetaData'
[2018.10.31-16.53.46:638][779]LogMetaData: Removing '/Game/ThirdPersonBP/Blueprints/TextRenderActor.TextRenderActor_C' ref from Metadata '/Game/ThirdPersonBP/Blueprints/NewBlueprint.PackageMetaData'
[2018.10.31-16.53.46:638][779]LogMetaData: Removing '/Game/ThirdPersonBP/Blueprints/TextRenderActor.TextRenderActor:EventGraph.K2Node_Event_1' ref from Metadata '/Game/ThirdPersonBP/Blueprints/NewBlueprint.PackageMetaData'
[2018.10.31-16.53.46:638][779]LogMetaData: Removing '/Game/ThirdPersonBP/Blueprints/TextRenderActor.TextRenderActor:EventGraph.K2Node_Event_2' ref from Metadata '/Game/ThirdPersonBP/Blueprints/NewBlueprint.PackageMetaData'
[2018.10.31-16.53.46:638][779]LogMetaData: Removing '/Game/ThirdPersonBP/Blueprints/TextRenderActor.SKEL_TextRenderActor_C' ref from Metadata '/Game/ThirdPersonBP/Blueprints/NewBlueprint.PackageMetaData'
[2018.10.31-16.53.46:672][779]LogSavePackage: Moving '../../../../../../Users/Jerry/Documents/Unreal Projects/DialogSystem/Dialogue/Saved/TextRenderActor08456EA842A049180C0B7A931CAC4C7E.tmp' to '../../../../../../Users/Jerry/Documents/Unreal Projects/DialogSystem/Dialogue/Content/ThirdPersonBP/Blueprints/TextRenderActor.uasset'
[2018.10.31-16.53.49:191][ 62]LogAssetEditorManager: Opening Asset editor for Blueprint /Game/ThirdPersonBP/Blueprints/TextRenderActor.TextRenderActor
[2018.10.31-16.53.55:196][738]LogRenderer: Reallocating scene render targets to support 1528x900 Format 10 NumSamples 1 (Frame:1).
[2018.10.31-16.54.17:639][318]LogSlate: FSceneViewport::OnFocusLost() reason 0
[2018.10.31-16.54.25:154][ 63]LogSlate: Window 'TextRenderActor*' being destroyed
[2018.10.31-16.54.25:157][ 63]LogSlate: Window 'TextRenderActor*' being destroyed
[2018.10.31-16.54.36:954][960]LogSlate: FSceneViewport::OnFocusLost() reason 0
[2018.10.31-16.54.38:231][112]LogSlate: FSceneViewport::OnFocusLost() reason 2
[2018.10.31-16.54.42:028][563]LogSlate: FSceneViewport::OnFocusLost() reason 2
[2018.10.31-16.54.47:577][229]LogSlate: FSceneViewport::OnFocusLost() reason 0
[2018.10.31-16.54.47:733][247]LogAssetEditorManager: Opening Asset editor for Blueprint /Game/ThirdPersonBP/Blueprints/TextRenderActor.TextRenderActor
[2018.10.31-16.54.54:666][ 34]LogSlate: Window 'TextRenderActor*' being destroyed
[2018.10.31-16.54.54:671][ 34]LogSlate: Window 'TextRenderActor*' being destroyed
[2018.10.31-16.55.06:761][476]LogSlate: FSceneViewport::OnFocusLost() reason 0
[2018.10.31-16.55.10:093][682]LogSlate: Window 'Open external link' being destroyed
[2018.10.31-16.55.21:907][920]LogSlate: Window 'Open external link' being destroyed
[2018.10.31-16.55.47:910][ 32]LogSlate: Window 'Select Path' being destroyed
[2018.10.31-16.55.47:956][ 32]LogAssetEditorManager: Opening Asset editor for Blueprint /Game/ThirdPersonBP/Blueprints/TextRenderer.TextRenderer
[2018.10.31-16.55.54:891][822]LogSlate: Window 'TextRenderer*' being destroyed
[2018.10.31-16.55.54:895][822]LogSlate: Window 'TextRenderer*' being destroyed
[2018.10.31-16.55.59:257][339]LogAssetEditorManager: Opening Asset editor for Blueprint /Game/ThirdPersonBP/Blueprints/TextRenderActor.TextRenderActor
[2018.10.31-16.56.16:349][293]LogSlate: FSceneViewport::OnFocusLost() reason 0
[2018.10.31-16.56.41:137][193]LogSlate: FSceneViewport::OnFocusLost() reason 0
[2018.10.31-16.57.05:244][ 47]LogSlate: Window 'TextRenderActor*' being destroyed
[2018.10.31-16.57.05:248][ 47]LogSlate: Window 'TextRenderActor*' being destroyed
[2018.10.31-16.57.17:850][365]LogSlate: Window 'Delete Assets' being destroyed
[2018.10.31-16.57.23:390][973]LogEditorViewport: Clicking on Actor (LMB): StaticMeshActor (Floor)
[2018.10.31-16.57.24:049][ 48]Cmd: TRANSACTION UNDO
[2018.10.31-16.57.24:049][ 48]LogEditorTransaction: Undo Clicking on Actors
[2018.10.31-16.57.31:895][987]LogSlate: FSceneViewport::OnFocusLost() reason 2
[2018.10.31-16.57.32:046][987]LogSavePackage: Moving '../../../../../../Users/Jerry/Documents/Unreal Projects/DialogSystem/Dialogue/Saved/ThirdPersonExampleMapFB926DC343A5C2C77B1BF8BEB282EF30.tmp' to '../../../../../../Users/Jerry/Documents/Unreal Projects/DialogSystem/Dialogue/Content/ThirdPersonBP/Maps/ThirdPersonExampleMap.umap'
[2018.10.31-16.57.32:142][987]LogSavePackage: Moving '../../../../../../Users/Jerry/Documents/Unreal Projects/DialogSystem/Dialogue/Saved/ThirdPersonExampleMap_BuiltData4848196F409B2657E02FC8B98B204462.tmp' to '../../../../../../Users/Jerry/Documents/Unreal Projects/DialogSystem/Dialogue/Content/ThirdPersonBP/Maps/ThirdPersonExampleMap_BuiltData.uasset'
[2018.10.31-16.57.33:199][113]Cmd: TRANSACTION UNDO
[2018.10.31-16.57.33:199][113]LogEditorTransaction: Undo Clicking on Actors
[2018.10.31-16.57.45:186][547]LogSlate: FSceneViewport::OnFocusLost() reason 0
[2018.10.31-16.57.46:397][690]LogSlate: FSceneViewport::OnFocusLost() reason 2
[2018.10.31-16.57.48:443][932]LogSlate: FSceneViewport::OnFocusLost() reason 2
[2018.10.31-16.57.52:721][444]LogEditorViewport: Clicking on Actor (LMB): StaticMeshActor (Linear_Stair_StaticMesh)
[2018.10.31-16.58.01:114][439]LogSlate: FSceneViewport::OnFocusLost() reason 0
[2018.10.31-16.58.01:244][454]LogAssetEditorManager: Opening Asset editor for Blueprint /Game/ThirdPersonBP/Blueprints/TextRenderActor.TextRenderActor
[2018.10.31-17.04.02:278][764]LogSelectionDetails: Warning: NavigateToFunctionSource:  Unable to find symbols for 'UTextRenderComponent::K2_SetText' [Kan element niet vinden.]
[2018.10.31-17.04.02:278][764]LogSelectionDetails: Warning: NavigateToFunctionSource:  Unable to find symbols for 'UTextRenderComponent::K2_SetText' [Kan element niet vinden.]
[2018.10.31-17.09.22:091][284]LogSavePackage: Moving '../../../../../../Users/Jerry/Documents/Unreal Projects/DialogSystem/Dialogue/Saved/ThirdPersonExampleMap_Auto183462689420264AC80D2689C9029FFAC.tmp' to '../../../../../../Users/Jerry/Documents/Unreal Projects/DialogSystem/Dialogue/Saved/Autosaves/Game/ThirdPersonBP/Maps/ThirdPersonExampleMap_Auto1.umap'
[2018.10.31-17.09.22:096][284]LogFileHelpers: Editor autosave (incl. sublevels) for '/Game/ThirdPersonBP/Maps/ThirdPersonExampleMap' took 0.158
[2018.10.31-17.09.22:096][284]LogFileHelpers: Editor autosave (incl. sublevels) for all levels took 0.158
[2018.10.31-17.09.22:101][284]OBJ SavePackage: Generating thumbnails for [0] asset(s) in package [/Game/ThirdPersonBP/Blueprints/TextRenderActor] ([1] browsable assets)...
[2018.10.31-17.09.22:101][284]OBJ SavePackage: Finished generating thumbnails for package [/Game/ThirdPersonBP/Blueprints/TextRenderActor]
[2018.10.31-17.09.22:126][284]LogSavePackage: Moving '../../../../../../Users/Jerry/Documents/Unreal Projects/DialogSystem/Dialogue/Saved/TextRenderActor_Auto19CDC20424EBE3C51059529B4C53C5C37.tmp' to '../../../../../../Users/Jerry/Documents/Unreal Projects/DialogSystem/Dialogue/Saved/Autosaves/Game/ThirdPersonBP/Blueprints/TextRenderActor_Auto1.uasset'
[2018.10.31-17.09.22:127][284]LogFileHelpers: Auto-saving content packages took 0.026
[2018.10.31-17.19.31:028][853]LogFileHelpers: Editor autosave (incl. sublevels) for '/Game/ThirdPersonBP/Maps/ThirdPersonExampleMap' took 0.025
[2018.10.31-17.19.31:029][853]OBJ SavePackage: Generating thumbnails for [0] asset(s) in package [/Game/ThirdPersonBP/Blueprints/TextRenderActor] ([1] browsable assets)...
[2018.10.31-17.19.31:030][853]OBJ SavePackage: Finished generating thumbnails for package [/Game/ThirdPersonBP/Blueprints/TextRenderActor]
[2018.10.31-17.19.31:055][853]LogSavePackage: Moving '../../../../../../Users/Jerry/Documents/Unreal Projects/DialogSystem/Dialogue/Saved/TextRenderActor_Auto26C220E034368135D615B4EA4459B8073.tmp' to '../../../../../../Users/Jerry/Documents/Unreal Projects/DialogSystem/Dialogue/Saved/Autosaves/Game/ThirdPersonBP/Blueprints/TextRenderActor_Auto2.uasset'
[2018.10.31-17.19.31:056][853]LogFileHelpers: Auto-saving content packages took 0.027
[2018.10.31-17.19.34:224][221]LogSlate: Prevented a slow task dialog from being summoned while a context menu was open
[2018.10.31-17.20.36:609][583]BlueprintLog: New page: Compile TextRenderActor
[2018.10.31-17.20.36:618][583]LogBlueprint: Error: [Compiler TextRenderActor] Spawn node  Create Widget  must have a class specified.
[2018.10.31-17.20.36:618][583]LogBlueprint: Error: [Compiler TextRenderActor] The current value of the ' Value ' pin is invalid: 'Value' must have an input wired into it ("by ref" params expect a valid input to operate on).
[2018.10.31-17.20.36:618][583]LogBlueprint: Error: [Compiler TextRenderActor] The current value of the ' Value ' pin is invalid: 'Value' must have an input wired into it ("by ref" params expect a valid input to operate on).
[2018.10.31-17.20.36:735][583]LogBlueprint: Warning: [Compiler TextRenderActor] [1812,40] Compile of TextRenderActor failed. 3 Fatal Issue(s) 0 Warning(s) [in 125 ms] (/Game/ThirdPersonBP/Blueprints/TextRenderActor.TextRenderActor)
[2018.10.31-17.21.06:645][123]LogSelectionDetails: Warning: NavigateToFunctionSource:  Unable to find symbols for 'UTextRenderComponent::K2_SetText' [Kan element niet vinden.]
[2018.10.31-17.21.19:810][648]LogSavePackage: Moving '../../../../../../Users/Jerry/Documents/Unreal Projects/DialogSystem/Dialogue/Saved/TextRenderActorB8EF86284AF53801FD0AADB2BC35E878.tmp' to '../../../../../../Users/Jerry/Documents/Unreal Projects/DialogSystem/Dialogue/Content/ThirdPersonBP/Blueprints/TextRenderActor.uasset'
[2018.10.31-17.21.21:628][860]LogSlate: Prevented a slow task dialog from being summoned while a context menu was open
[2018.10.31-17.21.30:376][895]BlueprintLog: New page: Compile TextRenderActor
[2018.10.31-17.21.30:386][895]LogBlueprint: Error: [Compiler TextRenderActor] The current value of the ' Value ' pin is invalid: 'Value' must have an input wired into it ("by ref" params expect a valid input to operate on).
[2018.10.31-17.21.30:386][895]LogBlueprint: Error: [Compiler TextRenderActor] The current value of the ' Value ' pin is invalid: 'Value' must have an input wired into it ("by ref" params expect a valid input to operate on).
[2018.10.31-17.21.30:496][895]LogBlueprint: Warning: [Compiler TextRenderActor] [1866,17] Compile of TextRenderActor failed. 2 Fatal Issue(s) 0 Warning(s) [in 119 ms] (/Game/ThirdPersonBP/Blueprints/TextRenderActor.TextRenderActor)
[2018.10.31-17.22.23:013][358]LogSlate: Window 'Save Content' being destroyed
[2018.10.31-17.22.23:051][358]LogSavePackage: Moving '../../../../../../Users/Jerry/Documents/Unreal Projects/DialogSystem/Dialogue/Saved/TextRenderActor0FD9F6EC4134B829EA8FFEAE88EA2B1F.tmp' to '../../../../../../Users/Jerry/Documents/Unreal Projects/DialogSystem/Dialogue/Content/ThirdPersonBP/Blueprints/TextRenderActor.uasset'
[2018.10.31-17.22.23:275][358]LogSavePackage: Moving '../../../../../../Users/Jerry/Documents/Unreal Projects/DialogSystem/Dialogue/Saved/ThirdPersonExampleMapA50BA1F0428BB1CC0BB7FA9EBE40D3B3.tmp' to '../../../../../../Users/Jerry/Documents/Unreal Projects/DialogSystem/Dialogue/Content/ThirdPersonBP/Maps/ThirdPersonExampleMap.umap'
[2018.10.31-17.22.23:292][358]LogFileHelpers: Saving map 'ThirdPersonExampleMap' took 0.236
[2018.10.31-17.27.42:893][ 99]LogSelectionDetails: Warning: NavigateToFunctionSource:  Unable to find symbols for 'UTextRenderComponent::K2_SetText' [Kan element niet vinden.]
[2018.10.31-17.32.20:108][391]LogFileHelpers: Editor autosave (incl. sublevels) for '/Game/ThirdPersonBP/Maps/ThirdPersonExampleMap' took 0.026
[2018.10.31-17.32.20:110][391]OBJ SavePackage: Generating thumbnails for [0] asset(s) in package [/Game/ThirdPersonBP/Blueprints/TextRenderActor] ([1] browsable assets)...
[2018.10.31-17.32.20:110][391]OBJ SavePackage: Finished generating thumbnails for package [/Game/ThirdPersonBP/Blueprints/TextRenderActor]
[2018.10.31-17.32.20:137][391]LogSavePackage: Moving '../../../../../../Users/Jerry/Documents/Unreal Projects/DialogSystem/Dialogue/Saved/TextRenderActor_Auto38FAD956F4FEE2EFD62010DBCEA957EFF.tmp' to '../../../../../../Users/Jerry/Documents/Unreal Projects/DialogSystem/Dialogue/Saved/Autosaves/Game/ThirdPersonBP/Blueprints/TextRenderActor_Auto3.uasset'
[2018.10.31-17.32.20:139][391]LogFileHelpers: Auto-saving content packages took 0.029
[2018.10.31-17.41.15:003][290]LogSlate: Prevented a slow task dialog from being summoned while a context menu was open
[2018.10.31-17.44.22:881][463]LogFileHelpers: Editor autosave (incl. sublevels) for '/Game/ThirdPersonBP/Maps/ThirdPersonExampleMap' took 0.023
[2018.10.31-17.44.22:882][463]OBJ SavePackage: Generating thumbnails for [0] asset(s) in package [/Game/ThirdPersonBP/Blueprints/TextRenderActor] ([1] browsable assets)...
[2018.10.31-17.44.22:882][463]OBJ SavePackage: Finished generating thumbnails for package [/Game/ThirdPersonBP/Blueprints/TextRenderActor]
[2018.10.31-17.44.22:912][463]LogSavePackage: Moving '../../../../../../Users/Jerry/Documents/Unreal Projects/DialogSystem/Dialogue/Saved/TextRenderActor_Auto451788EC94D782D4C799F82BE3F254B26.tmp' to '../../../../../../Users/Jerry/Documents/Unreal Projects/DialogSystem/Dialogue/Saved/Autosaves/Game/ThirdPersonBP/Blueprints/TextRenderActor_Auto4.uasset'
[2018.10.31-17.44.22:913][463]LogFileHelpers: Auto-saving content packages took 0.031
[2018.10.31-17.45.24:401][280]LogSelectionDetails: Warning: NavigateToFunctionSource:  Unable to find symbols for 'UTextRenderComponent::K2_SetText' [Kan element niet vinden.]
[2018.10.31-17.45.26:462][474]LogSelectionDetails: Warning: NavigateToFunctionSource:  Unable to find symbols for 'UTextRenderComponent::K2_SetText' [Kan element niet vinden.]
[2018.10.31-17.47.47:057][906]BlueprintLog: New page: Compile TextRenderActor
[2018.10.31-17.47.47:069][906]LogBlueprint: Error: [Compiler TextRenderActor] The current value of the ' Value ' pin is invalid: 'Value' must have an input wired into it ("by ref" params expect a valid input to operate on).
[2018.10.31-17.47.47:183][906]LogBlueprint: Warning: [Compiler TextRenderActor] [3442,85] Compile of TextRenderActor failed. 1 Fatal Issue(s) 0 Warning(s) [in 125 ms] (/Game/ThirdPersonBP/Blueprints/TextRenderActor.TextRenderActor)
[2018.10.31-17.49.10:470][530]BlueprintLog: New page: Compile TextRenderActor
[2018.10.31-17.49.27:953][448]LogSlate: Prevented a slow task dialog from being summoned while a context menu was open
[2018.10.31-17.49.57:219][418]LogSlate: Took 0.000170 seconds to synchronously load lazily loaded font '../../../Engine/Content/Slate/Fonts/Roboto-BoldCondensedItalic.ttf' (160K)
[2018.10.31-17.50.12:495][780]LogSlate: Window 'Change Variable Type' being destroyed
[2018.10.31-17.50.15:202][ 46]LogSlate: Window 'Find in Blueprints' being destroyed
[2018.10.31-17.50.15:211][ 46]LogSlate: Window 'Find in Blueprints' being destroyed
[2018.10.31-17.51.25:194][506]LogSlate: Window 'Add Content to the Project' being destroyed
[2018.10.31-17.53.09:200][661]LogSlate: Prevented a slow task dialog from being summoned while a context menu was open
[2018.10.31-17.58.07:068][650]LogSavePackage: Moving '../../../../../../Users/Jerry/Documents/Unreal Projects/DialogSystem/Dialogue/Saved/ThirdPersonExampleMap_Auto59548F4134EA6BAA2F555F9AEC438F0AA.tmp' to '../../../../../../Users/Jerry/Documents/Unreal Projects/DialogSystem/Dialogue/Saved/Autosaves/Game/ThirdPersonBP/Maps/ThirdPersonExampleMap_Auto5.umap'
[2018.10.31-17.58.07:071][650]LogFileHelpers: Editor autosave (incl. sublevels) for '/Game/ThirdPersonBP/Maps/ThirdPersonExampleMap' took 0.155
[2018.10.31-17.58.07:071][650]LogFileHelpers: Editor autosave (incl. sublevels) for all levels took 0.155
[2018.10.31-17.58.07:076][650]OBJ SavePackage: Generating thumbnails for [0] asset(s) in package [/Game/ThirdPersonBP/Blueprints/TextRenderActor] ([1] browsable assets)...
[2018.10.31-17.58.07:076][650]OBJ SavePackage: Finished generating thumbnails for package [/Game/ThirdPersonBP/Blueprints/TextRenderActor]
[2018.10.31-17.58.07:107][650]LogSavePackage: Moving '../../../../../../Users/Jerry/Documents/Unreal Projects/DialogSystem/Dialogue/Saved/TextRenderActor_Auto5EFF0DD1C43A5DD68BB3BF6AE117BB151.tmp' to '../../../../../../Users/Jerry/Documents/Unreal Projects/DialogSystem/Dialogue/Saved/Autosaves/Game/ThirdPersonBP/Blueprints/TextRenderActor_Auto5.uasset'
[2018.10.31-17.58.07:109][650]OBJ SavePackage: Generating thumbnails for [0] asset(s) in package [/Game/Widgets/Widget] ([1] browsable assets)...
[2018.10.31-17.58.07:109][650]OBJ SavePackage: Finished generating thumbnails for package [/Game/Widgets/Widget]
[2018.10.31-17.58.07:116][650]LogSavePackage: Moving '../../../../../../Users/Jerry/Documents/Unreal Projects/DialogSystem/Dialogue/Saved/Widget_Auto5655A68A84D2BC0A5B672B28E31B388BF.tmp' to '../../../../../../Users/Jerry/Documents/Unreal Projects/DialogSystem/Dialogue/Saved/Autosaves/Game/Widgets/Widget_Auto5.uasset'
[2018.10.31-17.58.07:117][650]LogFileHelpers: Auto-saving content packages took 0.041
[2018.10.31-18.02.57:453][356]LogBlueprint: Warning: [Compiler ] Pasted node  CustomEvent   conflicted with  CustomEvent_0  and was replaced as a Custom Event!
[2018.10.31-18.02.58:330][428]LogBlueprint: Warning: [Compiler ] Pasted node  CustomEvent_1   conflicted with  CustomEvent  and was replaced as a Custom Event!
[2018.10.31-18.02.59:717][532]LogBlueprint: Warning: [Compiler ] Pasted node  CustomEvent_2   conflicted with  CustomEvent_1  and was replaced as a Custom Event!
[2018.10.31-18.03.24:127][248]LogBlueprint: Warning: [Compiler ] Pasted node  CustomEvent   conflicted with  Answer1  and was replaced as a Custom Event!
[2018.10.31-18.03.33:163][267]LogBlueprint: Warning: [Compiler ] Pasted node  CustomEvent   conflicted with  Answer2  and was replaced as a Custom Event!
[2018.10.31-18.03.46:359][750]LogBlueprint: Warning: [Compiler ] Pasted node  CustomEvent   conflicted with  Answer3  and was replaced as a Custom Event!
[2018.10.31-18.07.09:986][404]LogEditorTransaction: Undo Add Node
[2018.10.31-18.22.43:572][269]LogD3D11RHI: Timed out while waiting for GPU to catch up. (0.5 s)
[2018.10.31-18.22.45:074][269]LogD3D11RHI: Timed out while waiting for GPU to catch up. (0.5 s)
[2018.10.31-18.22.45:576][270]LogD3D11RHI: Timed out while waiting for GPU to catch up. (0.5 s)
[2018.10.31-18.22.46:075][270]LogD3D11RHI: Timed out while waiting for GPU to catch up. (0.5 s)
[2018.10.31-18.22.46:576][270]LogD3D11RHI: Timed out while waiting for GPU to catch up. (0.5 s)
[2018.10.31-18.22.47:075][270]LogD3D11RHI: Timed out while waiting for GPU to catch up. (0.5 s)
[2018.10.31-18.23.00:239][393]LogFileHelpers: Editor autosave (incl. sublevels) for '/Game/ThirdPersonBP/Maps/ThirdPersonExampleMap' took 0.039
[2018.10.31-18.23.00:241][393]OBJ SavePackage: Generating thumbnails for [0] asset(s) in package [/Game/ThirdPersonBP/Blueprints/TextRenderActor] ([1] browsable assets)...
[2018.10.31-18.23.00:241][393]OBJ SavePackage: Finished generating thumbnails for package [/Game/ThirdPersonBP/Blueprints/TextRenderActor]
[2018.10.31-18.23.00:293][393]LogSavePackage: Moving '../../../../../../Users/Jerry/Documents/Unreal Projects/DialogSystem/Dialogue/Saved/TextRenderActor_Auto62978399D478FDB9087A631B168CAC7EC.tmp' to '../../../../../../Users/Jerry/Documents/Unreal Projects/DialogSystem/Dialogue/Saved/Autosaves/Game/ThirdPersonBP/Blueprints/TextRenderActor_Auto6.uasset'
[2018.10.31-18.23.00:294][393]LogFileHelpers: Auto-saving content packages took 0.054
[2018.10.31-18.24.32:171][675]BlueprintLog: New page: Compile TextRenderActor
[2018.10.31-18.24.32:201][675]LogBlueprint: Error: [Compiler TextRenderActor] Default value '' for  Button Text  is invalid: 'Array inputs (like 'Button Text') must have an input wired into them (try connecting a MakeArray node).'
[2018.10.31-18.24.32:341][675]LogBlueprint: Warning: [Compiler TextRenderActor] [5648,01] Compile of TextRenderActor failed. 1 Fatal Issue(s) 0 Warning(s) [in 170 ms] (/Game/ThirdPersonBP/Blueprints/TextRenderActor.TextRenderActor)
